<?xml version="1.0" encoding="UTF-8"?>
<testng-results skipped="0" failed="0" total="1" passed="1">
  <reporter-output>
  </reporter-output>
  <suite name="Default suite" duration-ms="1185" started-at="2017-07-11T07:09:11Z" finished-at="2017-07-11T07:09:12Z">
    <groups>
    </groups>
    <test name="Default test" duration-ms="1185" started-at="2017-07-11T07:09:11Z" finished-at="2017-07-11T07:09:12Z">
      <class name="com.wbl.WalmartSearchApi.searchItemTest">
        <test-method status="PASS" signature="before()[pri:0, instance:com.wbl.WalmartSearchApi.searchItemTest@1b604f19]" name="before" is-config="true" duration-ms="11" started-at="2017-07-11T00:09:11Z" finished-at="2017-07-11T00:09:11Z">
          <reporter-output>
          </reporter-output>
        </test-method> <!-- before -->
        <test-method status="PASS" signature="itemTest()[pri:0, instance:com.wbl.WalmartSearchApi.searchItemTest@1b604f19]" name="itemTest" duration-ms="1158" started-at="2017-07-11T00:09:11Z" finished-at="2017-07-11T00:09:12Z">
          <reporter-output>
          </reporter-output>
        </test-method> <!-- itemTest -->
      </class> <!-- com.wbl.WalmartSearchApi.searchItemTest -->
    </test> <!-- Default test -->
  </suite> <!-- Default suite -->
</testng-results>
